<?xml version="1.0" encoding="UTF-8"?>
<!-- Generated by org.testng.reporters.JUnitReportReporter -->
<testsuite skipped="0" hostname="TYSS-Vijayalaxmi" name="Maven_Package.ParameterTest" tests="1" failures="0" timestamp="2023-03-31T16:08:32 IST" time="0.007" errors="0">
  <testcase name="test" time="0.007" classname="Maven_Package.ParameterTest"/>
  <system-out/>
</testsuite> <!-- Maven_Package.ParameterTest -->
