<?xml version="1.0" encoding="UTF-8"?>
<!-- Generated by org.testng.reporters.JUnitReportReporter -->
<testsuite skipped="0" hostname="TYSS-Vijayalaxmi" name="Maven_Package.TS_01Test" tests="1" failures="0" timestamp="2023-04-05T21:18:32 IST" time="0.001" errors="0">
  <testcase name="test1" time="0.001" classname="Maven_Package.TS_01Test"/>
  <system-out/>
</testsuite> <!-- Maven_Package.TS_01Test -->
