<?xml version="1.0" encoding="UTF-8"?>
<!-- Generated by org.testng.reporters.JUnitReportReporter -->
<testsuite skipped="0" hostname="TYSS-Vijayalaxmi" name="Maven_Package.SampleScriptTest" tests="1" failures="0" timestamp="2023-03-31T16:08:40 IST" time="0.000" errors="0">
  <testcase name="create" time="0.000" classname="Maven_Package.SampleScriptTest"/>
  <system-out/>
</testsuite> <!-- Maven_Package.SampleScriptTest -->
