<?xml version="1.0" encoding="UTF-8"?>
<!-- Generated by org.testng.reporters.JUnitReportReporter -->
<testsuite skipped="0" hostname="TYSS-Vijayalaxmi" name="Maven_Package.TS_01Test" tests="2" failures="0" timestamp="2023-03-31T16:08:40 IST" time="0.000" errors="0">
  <testcase name="test1" time="0.000" classname="Maven_Package.TS_01Test"/>
  <system-out/>
  <testcase name="test2" time="0.000" classname="Maven_Package.TS_01Test"/>
  <system-out/>
</testsuite> <!-- Maven_Package.TS_01Test -->
